mktextfm Menlo
mktextfm Menlo
mktextfm Menlo
mktextfm Menlo/BI
mktextfm Menlo
mktextfm Menlo/B
mktextfm Menlo
mktextfm Menlo/I
mktextfm Menlo
mktextfm Menlo
mktextfm Menlo
mktextfm Menlo
mktextfm Menlo
mktextfm Menlo/BI
mktextfm Menlo
mktextfm Menlo/B
mktextfm Menlo
mktextfm Menlo/I
mktextfm Menlo
mktextfm Menlo
mktextfm Menlo
mktextfm Menlo
mktextfm Menlo
mktextfm Menlo/BI
mktextfm Menlo
mktextfm Menlo/B
mktextfm Menlo
mktextfm Menlo/I
mktextfm Menlo
mktextfm Menlo
mktextfm Menlo
mktextfm Menlo
mktextfm Menlo
mktextfm Menlo/BI
mktextfm Menlo
mktextfm Menlo/B
mktextfm Menlo
mktextfm Menlo/I
mktextfm Menlo
mktextfm Menlo
mktextfm Consolas
mktextfm Consolas
mktextfm Consolas
mktextfm Consolas/BI
mktextfm Consolas
mktextfm Consolas/B
mktextfm Consolas
mktextfm Consolas/I
mktextfm Consolas
mktextfm Consolas
mktextfm Consolas
mktextfm Consolas
mktextfm Consolas
mktextfm Consolas/BI
mktextfm Consolas
mktextfm Consolas/B
mktextfm Consolas
mktextfm Consolas/I
mktextfm Consolas
mktextfm Consolas
